[Mon, 09 Apr 18 00:55:14 +0700][ERROR] [2]: EditController handler class cannot be loaded

[Mon, 09 Apr 18 00:57:33 +0700][ERROR] [2]: EditController handler class cannot be loaded

[Mon, 09 Apr 18 00:57:39 +0700][ERROR] [2]: EditController handler class cannot be loaded

[Mon, 09 Apr 18 00:57:59 +0700][ERROR] [2]: EditController handler class cannot be loaded

[Mon, 09 Apr 18 00:58:31 +0700][ERROR] [2]: EditController handler class cannot be loaded

[Mon, 09 Apr 18 01:13:01 +0700][ERROR] [2]: ImgController handler class cannot be loaded

[Mon, 09 Apr 18 01:13:26 +0700][ERROR] [2]: ImgController handler class cannot be loaded

[Mon, 09 Apr 18 01:13:28 +0700][ERROR] [2]: ImgController handler class cannot be loaded

[Mon, 09 Apr 18 01:34:23 +0700][ERROR] [2]: VendorController handler class cannot be loaded

[Mon, 09 Apr 18 01:34:41 +0700][ERROR] [2]: VendorController handler class cannot be loaded

[Mon, 09 Apr 18 01:37:47 +0700][ERROR] [2]: VendorController handler class cannot be loaded

[Mon, 09 Apr 18 01:37:47 +0700][ERROR] [2]: VendorController handler class cannot be loaded

[Mon, 09 Apr 18 01:38:03 +0700][ERROR] [2]: VendorController handler class cannot be loaded

[Mon, 09 Apr 18 01:38:57 +0700][ERROR] [2]: JsController handler class cannot be loaded

[Mon, 09 Apr 18 01:38:57 +0700][ERROR] [2]: JsController handler class cannot be loaded

[Mon, 09 Apr 18 01:42:14 +0700][ERROR] [2]: VendorController handler class cannot be loaded

[Mon, 09 Apr 18 01:42:14 +0700][ERROR] [2]: VendorController handler class cannot be loaded

[Mon, 09 Apr 18 01:42:15 +0700][ERROR] [2]: VendorController handler class cannot be loaded

[Mon, 09 Apr 18 01:42:15 +0700][ERROR] [2]: VendorController handler class cannot be loaded

[Mon, 09 Apr 18 01:42:17 +0700][ERROR] [2]: VendorController handler class cannot be loaded

[Mon, 09 Apr 18 01:42:17 +0700][ERROR] [2]: VendorController handler class cannot be loaded

[Mon, 09 Apr 18 14:20:03 +0700][ERROR] [2]: CssController handler class cannot be loaded

[Mon, 09 Apr 18 14:20:59 +0700][ERROR] [2]: JsController handler class cannot be loaded

[Mon, 09 Apr 18 14:21:16 +0700][ERROR] [2]: CssController handler class cannot be loaded

[Mon, 09 Apr 18 14:25:59 +0700][ERROR] [2]: JsController handler class cannot be loaded

[Mon, 09 Apr 18 14:34:10 +0700][ERROR] [2]: CssController handler class cannot be loaded

[Mon, 09 Apr 18 14:36:26 +0700][ERROR] [2]: CssController handler class cannot be loaded

[Mon, 09 Apr 18 14:36:43 +0700][ERROR] [2]: JsController handler class cannot be loaded

[Mon, 09 Apr 18 14:37:34 +0700][ERROR] [2]: CssController handler class cannot be loaded

[Mon, 09 Apr 18 14:38:00 +0700][ERROR] [2]: CssController handler class cannot be loaded

[Mon, 09 Apr 18 14:38:51 +0700][ERROR] [2]: JsController handler class cannot be loaded

[Mon, 09 Apr 18 14:39:20 +0700][ERROR] [2]: CssController handler class cannot be loaded

[Mon, 09 Apr 18 14:39:42 +0700][ERROR] [2]: CssController handler class cannot be loaded

[Mon, 09 Apr 18 14:40:07 +0700][ERROR] [2]: CssController handler class cannot be loaded

